ARM GAS  C:\Users\anaso\AppData\Local\Temp\ccm7X2Qg.s 			page 1


   1              		.cpu cortex-m3
   2              		.eabi_attribute 20, 1
   3              		.eabi_attribute 21, 1
   4              		.eabi_attribute 23, 3
   5              		.eabi_attribute 24, 1
   6              		.eabi_attribute 25, 1
   7              		.eabi_attribute 26, 1
   8              		.eabi_attribute 30, 1
   9              		.eabi_attribute 34, 1
  10              		.eabi_attribute 18, 4
  11              		.file	"main.c"
  12              		.text
  13              	.Ltext0:
  14              		.cfi_sections	.debug_frame
  15              		.section	.text.MX_GPIO_Init,"ax",%progbits
  16              		.align	1
  17              		.arch armv7-m
  18              		.syntax unified
  19              		.thumb
  20              		.thumb_func
  21              		.fpu softvfp
  23              	MX_GPIO_Init:
  24              	.LFB67:
  25              		.file 1 "Core/Src/main.c"
   1:Core/Src/main.c **** /* USER CODE BEGIN Header */
   2:Core/Src/main.c **** /**
   3:Core/Src/main.c ****   ******************************************************************************
   4:Core/Src/main.c ****   * @file           : main.c
   5:Core/Src/main.c ****   * @brief          : Main program body
   6:Core/Src/main.c ****   ******************************************************************************
   7:Core/Src/main.c ****   * @attention
   8:Core/Src/main.c ****   *
   9:Core/Src/main.c ****   * <h2><center>&copy; Copyright (c) 2021 STMicroelectronics.
  10:Core/Src/main.c ****   * All rights reserved.</center></h2>
  11:Core/Src/main.c ****   *
  12:Core/Src/main.c ****   * This software component is licensed by ST under BSD 3-Clause license,
  13:Core/Src/main.c ****   * the "License"; You may not use this file except in compliance with the
  14:Core/Src/main.c ****   * License. You may obtain a copy of the License at:
  15:Core/Src/main.c ****   *                        opensource.org/licenses/BSD-3-Clause
  16:Core/Src/main.c ****   *
  17:Core/Src/main.c ****   ******************************************************************************
  18:Core/Src/main.c ****   */
  19:Core/Src/main.c **** /* USER CODE END Header */
  20:Core/Src/main.c **** /* Includes ------------------------------------------------------------------*/
  21:Core/Src/main.c **** #include "main.h"
  22:Core/Src/main.c **** 
  23:Core/Src/main.c **** /* Private includes ----------------------------------------------------------*/
  24:Core/Src/main.c **** /* USER CODE BEGIN Includes */
  25:Core/Src/main.c **** 
  26:Core/Src/main.c **** /* USER CODE END Includes */
  27:Core/Src/main.c **** 
  28:Core/Src/main.c **** /* Private typedef -----------------------------------------------------------*/
  29:Core/Src/main.c **** /* USER CODE BEGIN PTD */
  30:Core/Src/main.c **** 
  31:Core/Src/main.c **** /* USER CODE END PTD */
  32:Core/Src/main.c **** 
  33:Core/Src/main.c **** /* Private define ------------------------------------------------------------*/
ARM GAS  C:\Users\anaso\AppData\Local\Temp\ccm7X2Qg.s 			page 2


  34:Core/Src/main.c **** /* USER CODE BEGIN PD */
  35:Core/Src/main.c **** /* USER CODE END PD */
  36:Core/Src/main.c **** 
  37:Core/Src/main.c **** /* Private macro -------------------------------------------------------------*/
  38:Core/Src/main.c **** /* USER CODE BEGIN PM */
  39:Core/Src/main.c **** 
  40:Core/Src/main.c **** /* USER CODE END PM */
  41:Core/Src/main.c **** 
  42:Core/Src/main.c **** /* Private variables ---------------------------------------------------------*/
  43:Core/Src/main.c **** 
  44:Core/Src/main.c **** /* USER CODE BEGIN PV */
  45:Core/Src/main.c **** 
  46:Core/Src/main.c **** /* USER CODE END PV */
  47:Core/Src/main.c **** 
  48:Core/Src/main.c **** /* Private function prototypes -----------------------------------------------*/
  49:Core/Src/main.c **** void SystemClock_Config(void);
  50:Core/Src/main.c **** static void MX_GPIO_Init(void);
  51:Core/Src/main.c **** /* USER CODE BEGIN PFP */
  52:Core/Src/main.c **** 
  53:Core/Src/main.c **** /* USER CODE END PFP */
  54:Core/Src/main.c **** 
  55:Core/Src/main.c **** /* Private user code ---------------------------------------------------------*/
  56:Core/Src/main.c **** /* USER CODE BEGIN 0 */
  57:Core/Src/main.c **** 
  58:Core/Src/main.c **** /* USER CODE END 0 */
  59:Core/Src/main.c **** 
  60:Core/Src/main.c **** /**
  61:Core/Src/main.c ****   * @brief  The application entry point.
  62:Core/Src/main.c ****   * @retval int
  63:Core/Src/main.c ****   */
  64:Core/Src/main.c **** int main(void)
  65:Core/Src/main.c **** {
  66:Core/Src/main.c ****   /* USER CODE BEGIN 1 */
  67:Core/Src/main.c **** 
  68:Core/Src/main.c ****   /* USER CODE END 1 */
  69:Core/Src/main.c **** 
  70:Core/Src/main.c ****   /* MCU Configuration--------------------------------------------------------*/
  71:Core/Src/main.c **** 
  72:Core/Src/main.c ****   /* Reset of all peripherals, Initializes the Flash interface and the Systick. */
  73:Core/Src/main.c ****   HAL_Init();
  74:Core/Src/main.c **** 
  75:Core/Src/main.c ****   /* USER CODE BEGIN Init */
  76:Core/Src/main.c **** 
  77:Core/Src/main.c ****   /* USER CODE END Init */
  78:Core/Src/main.c **** 
  79:Core/Src/main.c ****   /* Configure the system clock */
  80:Core/Src/main.c ****   SystemClock_Config();
  81:Core/Src/main.c **** 
  82:Core/Src/main.c ****   /* USER CODE BEGIN SysInit */
  83:Core/Src/main.c **** 
  84:Core/Src/main.c ****   /* USER CODE END SysInit */
  85:Core/Src/main.c **** 
  86:Core/Src/main.c ****   /* Initialize all configured peripherals */
  87:Core/Src/main.c ****   MX_GPIO_Init();
  88:Core/Src/main.c ****   /* USER CODE BEGIN 2 */
  89:Core/Src/main.c **** 
  90:Core/Src/main.c ****   /* USER CODE END 2 */
ARM GAS  C:\Users\anaso\AppData\Local\Temp\ccm7X2Qg.s 			page 3


  91:Core/Src/main.c **** 
  92:Core/Src/main.c ****   /* Infinite loop */
  93:Core/Src/main.c ****   /* USER CODE BEGIN WHILE */
  94:Core/Src/main.c ****   while (1)
  95:Core/Src/main.c ****   {
  96:Core/Src/main.c ****     /* USER CODE END WHILE */
  97:Core/Src/main.c **** HAL_GPIO_WritePin(GPIOB,GPIO_PIN_9,GPIO_PIN_SET);
  98:Core/Src/main.c **** HAL_Delay(500);
  99:Core/Src/main.c **** HAL_GPIO_WritePin(GPIOB,GPIO_PIN_9,GPIO_PIN_RESET);
 100:Core/Src/main.c **** HAL_Delay(500);
 101:Core/Src/main.c ****     /* USER CODE BEGIN 3 */
 102:Core/Src/main.c ****   }
 103:Core/Src/main.c ****   /* USER CODE END 3 */
 104:Core/Src/main.c **** }
 105:Core/Src/main.c **** 
 106:Core/Src/main.c **** /**
 107:Core/Src/main.c ****   * @brief System Clock Configuration
 108:Core/Src/main.c ****   * @retval None
 109:Core/Src/main.c ****   */
 110:Core/Src/main.c **** void SystemClock_Config(void)
 111:Core/Src/main.c **** {
 112:Core/Src/main.c ****   RCC_OscInitTypeDef RCC_OscInitStruct = {0};
 113:Core/Src/main.c ****   RCC_ClkInitTypeDef RCC_ClkInitStruct = {0};
 114:Core/Src/main.c **** 
 115:Core/Src/main.c ****   /** Initializes the RCC Oscillators according to the specified parameters
 116:Core/Src/main.c ****   * in the RCC_OscInitTypeDef structure.
 117:Core/Src/main.c ****   */
 118:Core/Src/main.c ****   RCC_OscInitStruct.OscillatorType = RCC_OSCILLATORTYPE_HSE;
 119:Core/Src/main.c ****   RCC_OscInitStruct.HSEState = RCC_HSE_ON;
 120:Core/Src/main.c ****   RCC_OscInitStruct.HSEPredivValue = RCC_HSE_PREDIV_DIV1;
 121:Core/Src/main.c ****   RCC_OscInitStruct.HSIState = RCC_HSI_ON;
 122:Core/Src/main.c ****   RCC_OscInitStruct.PLL.PLLState = RCC_PLL_ON;
 123:Core/Src/main.c ****   RCC_OscInitStruct.PLL.PLLSource = RCC_PLLSOURCE_HSE;
 124:Core/Src/main.c ****   RCC_OscInitStruct.PLL.PLLMUL = RCC_PLL_MUL2;
 125:Core/Src/main.c ****   if (HAL_RCC_OscConfig(&RCC_OscInitStruct) != HAL_OK)
 126:Core/Src/main.c ****   {
 127:Core/Src/main.c ****     Error_Handler();
 128:Core/Src/main.c ****   }
 129:Core/Src/main.c ****   /** Initializes the CPU, AHB and APB buses clocks
 130:Core/Src/main.c ****   */
 131:Core/Src/main.c ****   RCC_ClkInitStruct.ClockType = RCC_CLOCKTYPE_HCLK|RCC_CLOCKTYPE_SYSCLK
 132:Core/Src/main.c ****                               |RCC_CLOCKTYPE_PCLK1|RCC_CLOCKTYPE_PCLK2;
 133:Core/Src/main.c ****   RCC_ClkInitStruct.SYSCLKSource = RCC_SYSCLKSOURCE_PLLCLK;
 134:Core/Src/main.c ****   RCC_ClkInitStruct.AHBCLKDivider = RCC_SYSCLK_DIV1;
 135:Core/Src/main.c ****   RCC_ClkInitStruct.APB1CLKDivider = RCC_HCLK_DIV1;
 136:Core/Src/main.c ****   RCC_ClkInitStruct.APB2CLKDivider = RCC_HCLK_DIV1;
 137:Core/Src/main.c **** 
 138:Core/Src/main.c ****   if (HAL_RCC_ClockConfig(&RCC_ClkInitStruct, FLASH_LATENCY_0) != HAL_OK)
 139:Core/Src/main.c ****   {
 140:Core/Src/main.c ****     Error_Handler();
 141:Core/Src/main.c ****   }
 142:Core/Src/main.c **** }
 143:Core/Src/main.c **** 
 144:Core/Src/main.c **** /**
 145:Core/Src/main.c ****   * @brief GPIO Initialization Function
 146:Core/Src/main.c ****   * @param None
 147:Core/Src/main.c ****   * @retval None
ARM GAS  C:\Users\anaso\AppData\Local\Temp\ccm7X2Qg.s 			page 4


 148:Core/Src/main.c ****   */
 149:Core/Src/main.c **** static void MX_GPIO_Init(void)
 150:Core/Src/main.c **** {
  26              		.loc 1 150 1 view -0
  27              		.cfi_startproc
  28              		@ args = 0, pretend = 0, frame = 32
  29              		@ frame_needed = 0, uses_anonymous_args = 0
  30 0000 30B5     		push	{r4, r5, lr}
  31              	.LCFI0:
  32              		.cfi_def_cfa_offset 12
  33              		.cfi_offset 4, -12
  34              		.cfi_offset 5, -8
  35              		.cfi_offset 14, -4
  36 0002 89B0     		sub	sp, sp, #36
  37              	.LCFI1:
  38              		.cfi_def_cfa_offset 48
 151:Core/Src/main.c ****   GPIO_InitTypeDef GPIO_InitStruct = {0};
  39              		.loc 1 151 3 view .LVU1
  40              		.loc 1 151 20 is_stmt 0 view .LVU2
  41 0004 0024     		movs	r4, #0
  42 0006 0494     		str	r4, [sp, #16]
  43 0008 0594     		str	r4, [sp, #20]
  44 000a 0694     		str	r4, [sp, #24]
  45 000c 0794     		str	r4, [sp, #28]
 152:Core/Src/main.c **** 
 153:Core/Src/main.c ****   /* GPIO Ports Clock Enable */
 154:Core/Src/main.c ****   __HAL_RCC_GPIOD_CLK_ENABLE();
  46              		.loc 1 154 3 is_stmt 1 view .LVU3
  47              	.LBB4:
  48              		.loc 1 154 3 view .LVU4
  49              		.loc 1 154 3 view .LVU5
  50 000e 184B     		ldr	r3, .L3
  51 0010 9A69     		ldr	r2, [r3, #24]
  52 0012 42F02002 		orr	r2, r2, #32
  53 0016 9A61     		str	r2, [r3, #24]
  54              		.loc 1 154 3 view .LVU6
  55 0018 9A69     		ldr	r2, [r3, #24]
  56 001a 02F02002 		and	r2, r2, #32
  57 001e 0192     		str	r2, [sp, #4]
  58              		.loc 1 154 3 view .LVU7
  59 0020 019A     		ldr	r2, [sp, #4]
  60              	.LBE4:
  61              		.loc 1 154 3 view .LVU8
 155:Core/Src/main.c ****   __HAL_RCC_GPIOA_CLK_ENABLE();
  62              		.loc 1 155 3 view .LVU9
  63              	.LBB5:
  64              		.loc 1 155 3 view .LVU10
  65              		.loc 1 155 3 view .LVU11
  66 0022 9A69     		ldr	r2, [r3, #24]
  67 0024 42F00402 		orr	r2, r2, #4
  68 0028 9A61     		str	r2, [r3, #24]
  69              		.loc 1 155 3 view .LVU12
  70 002a 9A69     		ldr	r2, [r3, #24]
  71 002c 02F00402 		and	r2, r2, #4
  72 0030 0292     		str	r2, [sp, #8]
  73              		.loc 1 155 3 view .LVU13
  74 0032 029A     		ldr	r2, [sp, #8]
ARM GAS  C:\Users\anaso\AppData\Local\Temp\ccm7X2Qg.s 			page 5


  75              	.LBE5:
  76              		.loc 1 155 3 view .LVU14
 156:Core/Src/main.c ****   __HAL_RCC_GPIOB_CLK_ENABLE();
  77              		.loc 1 156 3 view .LVU15
  78              	.LBB6:
  79              		.loc 1 156 3 view .LVU16
  80              		.loc 1 156 3 view .LVU17
  81 0034 9A69     		ldr	r2, [r3, #24]
  82 0036 42F00802 		orr	r2, r2, #8
  83 003a 9A61     		str	r2, [r3, #24]
  84              		.loc 1 156 3 view .LVU18
  85 003c 9B69     		ldr	r3, [r3, #24]
  86 003e 03F00803 		and	r3, r3, #8
  87 0042 0393     		str	r3, [sp, #12]
  88              		.loc 1 156 3 view .LVU19
  89 0044 039B     		ldr	r3, [sp, #12]
  90              	.LBE6:
  91              		.loc 1 156 3 view .LVU20
 157:Core/Src/main.c **** 
 158:Core/Src/main.c ****   /*Configure GPIO pin Output Level */
 159:Core/Src/main.c ****   HAL_GPIO_WritePin(GPIOB, GPIO_PIN_7|GPIO_PIN_8|GPIO_PIN_9, GPIO_PIN_RESET);
  92              		.loc 1 159 3 view .LVU21
  93 0046 0B4D     		ldr	r5, .L3+4
  94 0048 2246     		mov	r2, r4
  95 004a 4FF46071 		mov	r1, #896
  96 004e 2846     		mov	r0, r5
  97 0050 FFF7FEFF 		bl	HAL_GPIO_WritePin
  98              	.LVL0:
 160:Core/Src/main.c **** 
 161:Core/Src/main.c ****   /*Configure GPIO pins : PB7 PB8 PB9 */
 162:Core/Src/main.c ****   GPIO_InitStruct.Pin = GPIO_PIN_7|GPIO_PIN_8|GPIO_PIN_9;
  99              		.loc 1 162 3 view .LVU22
 100              		.loc 1 162 23 is_stmt 0 view .LVU23
 101 0054 4FF46073 		mov	r3, #896
 102 0058 0493     		str	r3, [sp, #16]
 163:Core/Src/main.c ****   GPIO_InitStruct.Mode = GPIO_MODE_OUTPUT_PP;
 103              		.loc 1 163 3 is_stmt 1 view .LVU24
 104              		.loc 1 163 24 is_stmt 0 view .LVU25
 105 005a 0123     		movs	r3, #1
 106 005c 0593     		str	r3, [sp, #20]
 164:Core/Src/main.c ****   GPIO_InitStruct.Pull = GPIO_NOPULL;
 107              		.loc 1 164 3 is_stmt 1 view .LVU26
 108              		.loc 1 164 24 is_stmt 0 view .LVU27
 109 005e 0694     		str	r4, [sp, #24]
 165:Core/Src/main.c ****   GPIO_InitStruct.Speed = GPIO_SPEED_FREQ_LOW;
 110              		.loc 1 165 3 is_stmt 1 view .LVU28
 111              		.loc 1 165 25 is_stmt 0 view .LVU29
 112 0060 0223     		movs	r3, #2
 113 0062 0793     		str	r3, [sp, #28]
 166:Core/Src/main.c ****   HAL_GPIO_Init(GPIOB, &GPIO_InitStruct);
 114              		.loc 1 166 3 is_stmt 1 view .LVU30
 115 0064 04A9     		add	r1, sp, #16
 116 0066 2846     		mov	r0, r5
 117 0068 FFF7FEFF 		bl	HAL_GPIO_Init
 118              	.LVL1:
 167:Core/Src/main.c **** 
 168:Core/Src/main.c **** }
ARM GAS  C:\Users\anaso\AppData\Local\Temp\ccm7X2Qg.s 			page 6


 119              		.loc 1 168 1 is_stmt 0 view .LVU31
 120 006c 09B0     		add	sp, sp, #36
 121              	.LCFI2:
 122              		.cfi_def_cfa_offset 12
 123              		@ sp needed
 124 006e 30BD     		pop	{r4, r5, pc}
 125              	.L4:
 126              		.align	2
 127              	.L3:
 128 0070 00100240 		.word	1073876992
 129 0074 000C0140 		.word	1073810432
 130              		.cfi_endproc
 131              	.LFE67:
 133              		.section	.text.Error_Handler,"ax",%progbits
 134              		.align	1
 135              		.global	Error_Handler
 136              		.syntax unified
 137              		.thumb
 138              		.thumb_func
 139              		.fpu softvfp
 141              	Error_Handler:
 142              	.LFB68:
 169:Core/Src/main.c **** 
 170:Core/Src/main.c **** /* USER CODE BEGIN 4 */
 171:Core/Src/main.c **** 
 172:Core/Src/main.c **** /* USER CODE END 4 */
 173:Core/Src/main.c **** 
 174:Core/Src/main.c **** /**
 175:Core/Src/main.c ****   * @brief  This function is executed in case of error occurrence.
 176:Core/Src/main.c ****   * @retval None
 177:Core/Src/main.c ****   */
 178:Core/Src/main.c **** void Error_Handler(void)
 179:Core/Src/main.c **** {
 143              		.loc 1 179 1 is_stmt 1 view -0
 144              		.cfi_startproc
 145              		@ Volatile: function does not return.
 146              		@ args = 0, pretend = 0, frame = 0
 147              		@ frame_needed = 0, uses_anonymous_args = 0
 148              		@ link register save eliminated.
 180:Core/Src/main.c ****   /* USER CODE BEGIN Error_Handler_Debug */
 181:Core/Src/main.c ****   /* User can add his own implementation to report the HAL error return state */
 182:Core/Src/main.c ****   __disable_irq();
 149              		.loc 1 182 3 view .LVU33
 150              	.LBB7:
 151              	.LBI7:
 152              		.file 2 "Drivers/CMSIS/Include/cmsis_gcc.h"
   1:Drivers/CMSIS/Include/cmsis_gcc.h **** /**************************************************************************//**
   2:Drivers/CMSIS/Include/cmsis_gcc.h ****  * @file     cmsis_gcc.h
   3:Drivers/CMSIS/Include/cmsis_gcc.h ****  * @brief    CMSIS compiler GCC header file
   4:Drivers/CMSIS/Include/cmsis_gcc.h ****  * @version  V5.0.4
   5:Drivers/CMSIS/Include/cmsis_gcc.h ****  * @date     09. April 2018
   6:Drivers/CMSIS/Include/cmsis_gcc.h ****  ******************************************************************************/
   7:Drivers/CMSIS/Include/cmsis_gcc.h **** /*
   8:Drivers/CMSIS/Include/cmsis_gcc.h ****  * Copyright (c) 2009-2018 Arm Limited. All rights reserved.
   9:Drivers/CMSIS/Include/cmsis_gcc.h ****  *
  10:Drivers/CMSIS/Include/cmsis_gcc.h ****  * SPDX-License-Identifier: Apache-2.0
  11:Drivers/CMSIS/Include/cmsis_gcc.h ****  *
ARM GAS  C:\Users\anaso\AppData\Local\Temp\ccm7X2Qg.s 			page 7


  12:Drivers/CMSIS/Include/cmsis_gcc.h ****  * Licensed under the Apache License, Version 2.0 (the License); you may
  13:Drivers/CMSIS/Include/cmsis_gcc.h ****  * not use this file except in compliance with the License.
  14:Drivers/CMSIS/Include/cmsis_gcc.h ****  * You may obtain a copy of the License at
  15:Drivers/CMSIS/Include/cmsis_gcc.h ****  *
  16:Drivers/CMSIS/Include/cmsis_gcc.h ****  * www.apache.org/licenses/LICENSE-2.0
  17:Drivers/CMSIS/Include/cmsis_gcc.h ****  *
  18:Drivers/CMSIS/Include/cmsis_gcc.h ****  * Unless required by applicable law or agreed to in writing, software
  19:Drivers/CMSIS/Include/cmsis_gcc.h ****  * distributed under the License is distributed on an AS IS BASIS, WITHOUT
  20:Drivers/CMSIS/Include/cmsis_gcc.h ****  * WARRANTIES OR CONDITIONS OF ANY KIND, either express or implied.
  21:Drivers/CMSIS/Include/cmsis_gcc.h ****  * See the License for the specific language governing permissions and
  22:Drivers/CMSIS/Include/cmsis_gcc.h ****  * limitations under the License.
  23:Drivers/CMSIS/Include/cmsis_gcc.h ****  */
  24:Drivers/CMSIS/Include/cmsis_gcc.h **** 
  25:Drivers/CMSIS/Include/cmsis_gcc.h **** #ifndef __CMSIS_GCC_H
  26:Drivers/CMSIS/Include/cmsis_gcc.h **** #define __CMSIS_GCC_H
  27:Drivers/CMSIS/Include/cmsis_gcc.h **** 
  28:Drivers/CMSIS/Include/cmsis_gcc.h **** /* ignore some GCC warnings */
  29:Drivers/CMSIS/Include/cmsis_gcc.h **** #pragma GCC diagnostic push
  30:Drivers/CMSIS/Include/cmsis_gcc.h **** #pragma GCC diagnostic ignored "-Wsign-conversion"
  31:Drivers/CMSIS/Include/cmsis_gcc.h **** #pragma GCC diagnostic ignored "-Wconversion"
  32:Drivers/CMSIS/Include/cmsis_gcc.h **** #pragma GCC diagnostic ignored "-Wunused-parameter"
  33:Drivers/CMSIS/Include/cmsis_gcc.h **** 
  34:Drivers/CMSIS/Include/cmsis_gcc.h **** /* Fallback for __has_builtin */
  35:Drivers/CMSIS/Include/cmsis_gcc.h **** #ifndef __has_builtin
  36:Drivers/CMSIS/Include/cmsis_gcc.h ****   #define __has_builtin(x) (0)
  37:Drivers/CMSIS/Include/cmsis_gcc.h **** #endif
  38:Drivers/CMSIS/Include/cmsis_gcc.h **** 
  39:Drivers/CMSIS/Include/cmsis_gcc.h **** /* CMSIS compiler specific defines */
  40:Drivers/CMSIS/Include/cmsis_gcc.h **** #ifndef   __ASM
  41:Drivers/CMSIS/Include/cmsis_gcc.h ****   #define __ASM                                  __asm
  42:Drivers/CMSIS/Include/cmsis_gcc.h **** #endif
  43:Drivers/CMSIS/Include/cmsis_gcc.h **** #ifndef   __INLINE
  44:Drivers/CMSIS/Include/cmsis_gcc.h ****   #define __INLINE                               inline
  45:Drivers/CMSIS/Include/cmsis_gcc.h **** #endif
  46:Drivers/CMSIS/Include/cmsis_gcc.h **** #ifndef   __STATIC_INLINE
  47:Drivers/CMSIS/Include/cmsis_gcc.h ****   #define __STATIC_INLINE                        static inline
  48:Drivers/CMSIS/Include/cmsis_gcc.h **** #endif
  49:Drivers/CMSIS/Include/cmsis_gcc.h **** #ifndef   __STATIC_FORCEINLINE                 
  50:Drivers/CMSIS/Include/cmsis_gcc.h ****   #define __STATIC_FORCEINLINE                   __attribute__((always_inline)) static inline
  51:Drivers/CMSIS/Include/cmsis_gcc.h **** #endif                                           
  52:Drivers/CMSIS/Include/cmsis_gcc.h **** #ifndef   __NO_RETURN
  53:Drivers/CMSIS/Include/cmsis_gcc.h ****   #define __NO_RETURN                            __attribute__((__noreturn__))
  54:Drivers/CMSIS/Include/cmsis_gcc.h **** #endif
  55:Drivers/CMSIS/Include/cmsis_gcc.h **** #ifndef   __USED
  56:Drivers/CMSIS/Include/cmsis_gcc.h ****   #define __USED                                 __attribute__((used))
  57:Drivers/CMSIS/Include/cmsis_gcc.h **** #endif
  58:Drivers/CMSIS/Include/cmsis_gcc.h **** #ifndef   __WEAK
  59:Drivers/CMSIS/Include/cmsis_gcc.h ****   #define __WEAK                                 __attribute__((weak))
  60:Drivers/CMSIS/Include/cmsis_gcc.h **** #endif
  61:Drivers/CMSIS/Include/cmsis_gcc.h **** #ifndef   __PACKED
  62:Drivers/CMSIS/Include/cmsis_gcc.h ****   #define __PACKED                               __attribute__((packed, aligned(1)))
  63:Drivers/CMSIS/Include/cmsis_gcc.h **** #endif
  64:Drivers/CMSIS/Include/cmsis_gcc.h **** #ifndef   __PACKED_STRUCT
  65:Drivers/CMSIS/Include/cmsis_gcc.h ****   #define __PACKED_STRUCT                        struct __attribute__((packed, aligned(1)))
  66:Drivers/CMSIS/Include/cmsis_gcc.h **** #endif
  67:Drivers/CMSIS/Include/cmsis_gcc.h **** #ifndef   __PACKED_UNION
  68:Drivers/CMSIS/Include/cmsis_gcc.h ****   #define __PACKED_UNION                         union __attribute__((packed, aligned(1)))
ARM GAS  C:\Users\anaso\AppData\Local\Temp\ccm7X2Qg.s 			page 8


  69:Drivers/CMSIS/Include/cmsis_gcc.h **** #endif
  70:Drivers/CMSIS/Include/cmsis_gcc.h **** #ifndef   __UNALIGNED_UINT32        /* deprecated */
  71:Drivers/CMSIS/Include/cmsis_gcc.h ****   #pragma GCC diagnostic push
  72:Drivers/CMSIS/Include/cmsis_gcc.h ****   #pragma GCC diagnostic ignored "-Wpacked"
  73:Drivers/CMSIS/Include/cmsis_gcc.h ****   #pragma GCC diagnostic ignored "-Wattributes"
  74:Drivers/CMSIS/Include/cmsis_gcc.h ****   struct __attribute__((packed)) T_UINT32 { uint32_t v; };
  75:Drivers/CMSIS/Include/cmsis_gcc.h ****   #pragma GCC diagnostic pop
  76:Drivers/CMSIS/Include/cmsis_gcc.h ****   #define __UNALIGNED_UINT32(x)                  (((struct T_UINT32 *)(x))->v)
  77:Drivers/CMSIS/Include/cmsis_gcc.h **** #endif
  78:Drivers/CMSIS/Include/cmsis_gcc.h **** #ifndef   __UNALIGNED_UINT16_WRITE
  79:Drivers/CMSIS/Include/cmsis_gcc.h ****   #pragma GCC diagnostic push
  80:Drivers/CMSIS/Include/cmsis_gcc.h ****   #pragma GCC diagnostic ignored "-Wpacked"
  81:Drivers/CMSIS/Include/cmsis_gcc.h ****   #pragma GCC diagnostic ignored "-Wattributes"
  82:Drivers/CMSIS/Include/cmsis_gcc.h ****   __PACKED_STRUCT T_UINT16_WRITE { uint16_t v; };
  83:Drivers/CMSIS/Include/cmsis_gcc.h ****   #pragma GCC diagnostic pop
  84:Drivers/CMSIS/Include/cmsis_gcc.h ****   #define __UNALIGNED_UINT16_WRITE(addr, val)    (void)((((struct T_UINT16_WRITE *)(void *)(addr))-
  85:Drivers/CMSIS/Include/cmsis_gcc.h **** #endif
  86:Drivers/CMSIS/Include/cmsis_gcc.h **** #ifndef   __UNALIGNED_UINT16_READ
  87:Drivers/CMSIS/Include/cmsis_gcc.h ****   #pragma GCC diagnostic push
  88:Drivers/CMSIS/Include/cmsis_gcc.h ****   #pragma GCC diagnostic ignored "-Wpacked"
  89:Drivers/CMSIS/Include/cmsis_gcc.h ****   #pragma GCC diagnostic ignored "-Wattributes"
  90:Drivers/CMSIS/Include/cmsis_gcc.h ****   __PACKED_STRUCT T_UINT16_READ { uint16_t v; };
  91:Drivers/CMSIS/Include/cmsis_gcc.h ****   #pragma GCC diagnostic pop
  92:Drivers/CMSIS/Include/cmsis_gcc.h ****   #define __UNALIGNED_UINT16_READ(addr)          (((const struct T_UINT16_READ *)(const void *)(add
  93:Drivers/CMSIS/Include/cmsis_gcc.h **** #endif
  94:Drivers/CMSIS/Include/cmsis_gcc.h **** #ifndef   __UNALIGNED_UINT32_WRITE
  95:Drivers/CMSIS/Include/cmsis_gcc.h ****   #pragma GCC diagnostic push
  96:Drivers/CMSIS/Include/cmsis_gcc.h ****   #pragma GCC diagnostic ignored "-Wpacked"
  97:Drivers/CMSIS/Include/cmsis_gcc.h ****   #pragma GCC diagnostic ignored "-Wattributes"
  98:Drivers/CMSIS/Include/cmsis_gcc.h ****   __PACKED_STRUCT T_UINT32_WRITE { uint32_t v; };
  99:Drivers/CMSIS/Include/cmsis_gcc.h ****   #pragma GCC diagnostic pop
 100:Drivers/CMSIS/Include/cmsis_gcc.h ****   #define __UNALIGNED_UINT32_WRITE(addr, val)    (void)((((struct T_UINT32_WRITE *)(void *)(addr))-
 101:Drivers/CMSIS/Include/cmsis_gcc.h **** #endif
 102:Drivers/CMSIS/Include/cmsis_gcc.h **** #ifndef   __UNALIGNED_UINT32_READ
 103:Drivers/CMSIS/Include/cmsis_gcc.h ****   #pragma GCC diagnostic push
 104:Drivers/CMSIS/Include/cmsis_gcc.h ****   #pragma GCC diagnostic ignored "-Wpacked"
 105:Drivers/CMSIS/Include/cmsis_gcc.h ****   #pragma GCC diagnostic ignored "-Wattributes"
 106:Drivers/CMSIS/Include/cmsis_gcc.h ****   __PACKED_STRUCT T_UINT32_READ { uint32_t v; };
 107:Drivers/CMSIS/Include/cmsis_gcc.h ****   #pragma GCC diagnostic pop
 108:Drivers/CMSIS/Include/cmsis_gcc.h ****   #define __UNALIGNED_UINT32_READ(addr)          (((const struct T_UINT32_READ *)(const void *)(add
 109:Drivers/CMSIS/Include/cmsis_gcc.h **** #endif
 110:Drivers/CMSIS/Include/cmsis_gcc.h **** #ifndef   __ALIGNED
 111:Drivers/CMSIS/Include/cmsis_gcc.h ****   #define __ALIGNED(x)                           __attribute__((aligned(x)))
 112:Drivers/CMSIS/Include/cmsis_gcc.h **** #endif
 113:Drivers/CMSIS/Include/cmsis_gcc.h **** #ifndef   __RESTRICT
 114:Drivers/CMSIS/Include/cmsis_gcc.h ****   #define __RESTRICT                             __restrict
 115:Drivers/CMSIS/Include/cmsis_gcc.h **** #endif
 116:Drivers/CMSIS/Include/cmsis_gcc.h **** 
 117:Drivers/CMSIS/Include/cmsis_gcc.h **** 
 118:Drivers/CMSIS/Include/cmsis_gcc.h **** /* ###########################  Core Function Access  ########################### */
 119:Drivers/CMSIS/Include/cmsis_gcc.h **** /** \ingroup  CMSIS_Core_FunctionInterface
 120:Drivers/CMSIS/Include/cmsis_gcc.h ****     \defgroup CMSIS_Core_RegAccFunctions CMSIS Core Register Access Functions
 121:Drivers/CMSIS/Include/cmsis_gcc.h ****   @{
 122:Drivers/CMSIS/Include/cmsis_gcc.h ****  */
 123:Drivers/CMSIS/Include/cmsis_gcc.h **** 
 124:Drivers/CMSIS/Include/cmsis_gcc.h **** /**
 125:Drivers/CMSIS/Include/cmsis_gcc.h ****   \brief   Enable IRQ Interrupts
ARM GAS  C:\Users\anaso\AppData\Local\Temp\ccm7X2Qg.s 			page 9


 126:Drivers/CMSIS/Include/cmsis_gcc.h ****   \details Enables IRQ interrupts by clearing the I-bit in the CPSR.
 127:Drivers/CMSIS/Include/cmsis_gcc.h ****            Can only be executed in Privileged modes.
 128:Drivers/CMSIS/Include/cmsis_gcc.h ****  */
 129:Drivers/CMSIS/Include/cmsis_gcc.h **** __STATIC_FORCEINLINE void __enable_irq(void)
 130:Drivers/CMSIS/Include/cmsis_gcc.h **** {
 131:Drivers/CMSIS/Include/cmsis_gcc.h ****   __ASM volatile ("cpsie i" : : : "memory");
 132:Drivers/CMSIS/Include/cmsis_gcc.h **** }
 133:Drivers/CMSIS/Include/cmsis_gcc.h **** 
 134:Drivers/CMSIS/Include/cmsis_gcc.h **** 
 135:Drivers/CMSIS/Include/cmsis_gcc.h **** /**
 136:Drivers/CMSIS/Include/cmsis_gcc.h ****   \brief   Disable IRQ Interrupts
 137:Drivers/CMSIS/Include/cmsis_gcc.h ****   \details Disables IRQ interrupts by setting the I-bit in the CPSR.
 138:Drivers/CMSIS/Include/cmsis_gcc.h ****            Can only be executed in Privileged modes.
 139:Drivers/CMSIS/Include/cmsis_gcc.h ****  */
 140:Drivers/CMSIS/Include/cmsis_gcc.h **** __STATIC_FORCEINLINE void __disable_irq(void)
 153              		.loc 2 140 27 view .LVU34
 154              	.LBB8:
 141:Drivers/CMSIS/Include/cmsis_gcc.h **** {
 142:Drivers/CMSIS/Include/cmsis_gcc.h ****   __ASM volatile ("cpsid i" : : : "memory");
 155              		.loc 2 142 3 view .LVU35
 156              		.syntax unified
 157              	@ 142 "Drivers/CMSIS/Include/cmsis_gcc.h" 1
 158 0000 72B6     		cpsid i
 159              	@ 0 "" 2
 160              		.thumb
 161              		.syntax unified
 162              	.L6:
 163              	.LBE8:
 164              	.LBE7:
 183:Core/Src/main.c ****   while (1)
 165              		.loc 1 183 3 discriminator 1 view .LVU36
 184:Core/Src/main.c ****   {
 185:Core/Src/main.c ****   }
 166              		.loc 1 185 3 discriminator 1 view .LVU37
 183:Core/Src/main.c ****   while (1)
 167              		.loc 1 183 9 discriminator 1 view .LVU38
 168 0002 FEE7     		b	.L6
 169              		.cfi_endproc
 170              	.LFE68:
 172              		.section	.text.SystemClock_Config,"ax",%progbits
 173              		.align	1
 174              		.global	SystemClock_Config
 175              		.syntax unified
 176              		.thumb
 177              		.thumb_func
 178              		.fpu softvfp
 180              	SystemClock_Config:
 181              	.LFB66:
 111:Core/Src/main.c ****   RCC_OscInitTypeDef RCC_OscInitStruct = {0};
 182              		.loc 1 111 1 view -0
 183              		.cfi_startproc
 184              		@ args = 0, pretend = 0, frame = 64
 185              		@ frame_needed = 0, uses_anonymous_args = 0
 186 0000 00B5     		push	{lr}
 187              	.LCFI3:
 188              		.cfi_def_cfa_offset 4
 189              		.cfi_offset 14, -4
ARM GAS  C:\Users\anaso\AppData\Local\Temp\ccm7X2Qg.s 			page 10


 190 0002 91B0     		sub	sp, sp, #68
 191              	.LCFI4:
 192              		.cfi_def_cfa_offset 72
 112:Core/Src/main.c ****   RCC_ClkInitTypeDef RCC_ClkInitStruct = {0};
 193              		.loc 1 112 3 view .LVU40
 112:Core/Src/main.c ****   RCC_ClkInitTypeDef RCC_ClkInitStruct = {0};
 194              		.loc 1 112 22 is_stmt 0 view .LVU41
 195 0004 2822     		movs	r2, #40
 196 0006 0021     		movs	r1, #0
 197 0008 06A8     		add	r0, sp, #24
 198 000a FFF7FEFF 		bl	memset
 199              	.LVL2:
 113:Core/Src/main.c **** 
 200              		.loc 1 113 3 is_stmt 1 view .LVU42
 113:Core/Src/main.c **** 
 201              		.loc 1 113 22 is_stmt 0 view .LVU43
 202 000e 0023     		movs	r3, #0
 203 0010 0193     		str	r3, [sp, #4]
 204 0012 0293     		str	r3, [sp, #8]
 205 0014 0393     		str	r3, [sp, #12]
 206 0016 0493     		str	r3, [sp, #16]
 207 0018 0593     		str	r3, [sp, #20]
 118:Core/Src/main.c ****   RCC_OscInitStruct.HSEState = RCC_HSE_ON;
 208              		.loc 1 118 3 is_stmt 1 view .LVU44
 118:Core/Src/main.c ****   RCC_OscInitStruct.HSEState = RCC_HSE_ON;
 209              		.loc 1 118 36 is_stmt 0 view .LVU45
 210 001a 0122     		movs	r2, #1
 211 001c 0692     		str	r2, [sp, #24]
 119:Core/Src/main.c ****   RCC_OscInitStruct.HSEPredivValue = RCC_HSE_PREDIV_DIV1;
 212              		.loc 1 119 3 is_stmt 1 view .LVU46
 119:Core/Src/main.c ****   RCC_OscInitStruct.HSEPredivValue = RCC_HSE_PREDIV_DIV1;
 213              		.loc 1 119 30 is_stmt 0 view .LVU47
 214 001e 4FF48033 		mov	r3, #65536
 215 0022 0793     		str	r3, [sp, #28]
 120:Core/Src/main.c ****   RCC_OscInitStruct.HSIState = RCC_HSI_ON;
 216              		.loc 1 120 3 is_stmt 1 view .LVU48
 121:Core/Src/main.c ****   RCC_OscInitStruct.PLL.PLLState = RCC_PLL_ON;
 217              		.loc 1 121 3 view .LVU49
 121:Core/Src/main.c ****   RCC_OscInitStruct.PLL.PLLState = RCC_PLL_ON;
 218              		.loc 1 121 30 is_stmt 0 view .LVU50
 219 0024 0A92     		str	r2, [sp, #40]
 122:Core/Src/main.c ****   RCC_OscInitStruct.PLL.PLLSource = RCC_PLLSOURCE_HSE;
 220              		.loc 1 122 3 is_stmt 1 view .LVU51
 122:Core/Src/main.c ****   RCC_OscInitStruct.PLL.PLLSource = RCC_PLLSOURCE_HSE;
 221              		.loc 1 122 34 is_stmt 0 view .LVU52
 222 0026 0222     		movs	r2, #2
 223 0028 0D92     		str	r2, [sp, #52]
 123:Core/Src/main.c ****   RCC_OscInitStruct.PLL.PLLMUL = RCC_PLL_MUL2;
 224              		.loc 1 123 3 is_stmt 1 view .LVU53
 123:Core/Src/main.c ****   RCC_OscInitStruct.PLL.PLLMUL = RCC_PLL_MUL2;
 225              		.loc 1 123 35 is_stmt 0 view .LVU54
 226 002a 0E93     		str	r3, [sp, #56]
 124:Core/Src/main.c ****   if (HAL_RCC_OscConfig(&RCC_OscInitStruct) != HAL_OK)
 227              		.loc 1 124 3 is_stmt 1 view .LVU55
 125:Core/Src/main.c ****   {
 228              		.loc 1 125 3 view .LVU56
 125:Core/Src/main.c ****   {
ARM GAS  C:\Users\anaso\AppData\Local\Temp\ccm7X2Qg.s 			page 11


 229              		.loc 1 125 7 is_stmt 0 view .LVU57
 230 002c 06A8     		add	r0, sp, #24
 231 002e FFF7FEFF 		bl	HAL_RCC_OscConfig
 232              	.LVL3:
 125:Core/Src/main.c ****   {
 233              		.loc 1 125 6 view .LVU58
 234 0032 70B9     		cbnz	r0, .L11
 131:Core/Src/main.c ****                               |RCC_CLOCKTYPE_PCLK1|RCC_CLOCKTYPE_PCLK2;
 235              		.loc 1 131 3 is_stmt 1 view .LVU59
 131:Core/Src/main.c ****                               |RCC_CLOCKTYPE_PCLK1|RCC_CLOCKTYPE_PCLK2;
 236              		.loc 1 131 31 is_stmt 0 view .LVU60
 237 0034 0F23     		movs	r3, #15
 238 0036 0193     		str	r3, [sp, #4]
 133:Core/Src/main.c ****   RCC_ClkInitStruct.AHBCLKDivider = RCC_SYSCLK_DIV1;
 239              		.loc 1 133 3 is_stmt 1 view .LVU61
 133:Core/Src/main.c ****   RCC_ClkInitStruct.AHBCLKDivider = RCC_SYSCLK_DIV1;
 240              		.loc 1 133 34 is_stmt 0 view .LVU62
 241 0038 0223     		movs	r3, #2
 242 003a 0293     		str	r3, [sp, #8]
 134:Core/Src/main.c ****   RCC_ClkInitStruct.APB1CLKDivider = RCC_HCLK_DIV1;
 243              		.loc 1 134 3 is_stmt 1 view .LVU63
 134:Core/Src/main.c ****   RCC_ClkInitStruct.APB1CLKDivider = RCC_HCLK_DIV1;
 244              		.loc 1 134 35 is_stmt 0 view .LVU64
 245 003c 0021     		movs	r1, #0
 246 003e 0391     		str	r1, [sp, #12]
 135:Core/Src/main.c ****   RCC_ClkInitStruct.APB2CLKDivider = RCC_HCLK_DIV1;
 247              		.loc 1 135 3 is_stmt 1 view .LVU65
 135:Core/Src/main.c ****   RCC_ClkInitStruct.APB2CLKDivider = RCC_HCLK_DIV1;
 248              		.loc 1 135 36 is_stmt 0 view .LVU66
 249 0040 0491     		str	r1, [sp, #16]
 136:Core/Src/main.c **** 
 250              		.loc 1 136 3 is_stmt 1 view .LVU67
 136:Core/Src/main.c **** 
 251              		.loc 1 136 36 is_stmt 0 view .LVU68
 252 0042 0591     		str	r1, [sp, #20]
 138:Core/Src/main.c ****   {
 253              		.loc 1 138 3 is_stmt 1 view .LVU69
 138:Core/Src/main.c ****   {
 254              		.loc 1 138 7 is_stmt 0 view .LVU70
 255 0044 01A8     		add	r0, sp, #4
 256 0046 FFF7FEFF 		bl	HAL_RCC_ClockConfig
 257              	.LVL4:
 138:Core/Src/main.c ****   {
 258              		.loc 1 138 6 view .LVU71
 259 004a 20B9     		cbnz	r0, .L12
 142:Core/Src/main.c **** 
 260              		.loc 1 142 1 view .LVU72
 261 004c 11B0     		add	sp, sp, #68
 262              	.LCFI5:
 263              		.cfi_remember_state
 264              		.cfi_def_cfa_offset 4
 265              		@ sp needed
 266 004e 5DF804FB 		ldr	pc, [sp], #4
 267              	.L11:
 268              	.LCFI6:
 269              		.cfi_restore_state
 127:Core/Src/main.c ****   }
ARM GAS  C:\Users\anaso\AppData\Local\Temp\ccm7X2Qg.s 			page 12


 270              		.loc 1 127 5 is_stmt 1 view .LVU73
 271 0052 FFF7FEFF 		bl	Error_Handler
 272              	.LVL5:
 273              	.L12:
 140:Core/Src/main.c ****   }
 274              		.loc 1 140 5 view .LVU74
 275 0056 FFF7FEFF 		bl	Error_Handler
 276              	.LVL6:
 277              		.cfi_endproc
 278              	.LFE66:
 280              		.section	.text.main,"ax",%progbits
 281              		.align	1
 282              		.global	main
 283              		.syntax unified
 284              		.thumb
 285              		.thumb_func
 286              		.fpu softvfp
 288              	main:
 289              	.LFB65:
  65:Core/Src/main.c ****   /* USER CODE BEGIN 1 */
 290              		.loc 1 65 1 view -0
 291              		.cfi_startproc
 292              		@ Volatile: function does not return.
 293              		@ args = 0, pretend = 0, frame = 0
 294              		@ frame_needed = 0, uses_anonymous_args = 0
 295 0000 08B5     		push	{r3, lr}
 296              	.LCFI7:
 297              		.cfi_def_cfa_offset 8
 298              		.cfi_offset 3, -8
 299              		.cfi_offset 14, -4
  73:Core/Src/main.c **** 
 300              		.loc 1 73 3 view .LVU76
 301 0002 FFF7FEFF 		bl	HAL_Init
 302              	.LVL7:
  80:Core/Src/main.c **** 
 303              		.loc 1 80 3 view .LVU77
 304 0006 FFF7FEFF 		bl	SystemClock_Config
 305              	.LVL8:
  87:Core/Src/main.c ****   /* USER CODE BEGIN 2 */
 306              		.loc 1 87 3 view .LVU78
 307 000a FFF7FEFF 		bl	MX_GPIO_Init
 308              	.LVL9:
 309              	.L14:
  94:Core/Src/main.c ****   {
 310              		.loc 1 94 3 discriminator 1 view .LVU79
  97:Core/Src/main.c **** HAL_Delay(500);
 311              		.loc 1 97 1 discriminator 1 view .LVU80
 312 000e 0B4C     		ldr	r4, .L16
 313 0010 0122     		movs	r2, #1
 314 0012 4FF40071 		mov	r1, #512
 315 0016 2046     		mov	r0, r4
 316 0018 FFF7FEFF 		bl	HAL_GPIO_WritePin
 317              	.LVL10:
  98:Core/Src/main.c **** HAL_GPIO_WritePin(GPIOB,GPIO_PIN_9,GPIO_PIN_RESET);
 318              		.loc 1 98 1 discriminator 1 view .LVU81
 319 001c 4FF4FA70 		mov	r0, #500
 320 0020 FFF7FEFF 		bl	HAL_Delay
ARM GAS  C:\Users\anaso\AppData\Local\Temp\ccm7X2Qg.s 			page 13


 321              	.LVL11:
  99:Core/Src/main.c **** HAL_Delay(500);
 322              		.loc 1 99 1 discriminator 1 view .LVU82
 323 0024 0022     		movs	r2, #0
 324 0026 4FF40071 		mov	r1, #512
 325 002a 2046     		mov	r0, r4
 326 002c FFF7FEFF 		bl	HAL_GPIO_WritePin
 327              	.LVL12:
 100:Core/Src/main.c ****     /* USER CODE BEGIN 3 */
 328              		.loc 1 100 1 discriminator 1 view .LVU83
 329 0030 4FF4FA70 		mov	r0, #500
 330 0034 FFF7FEFF 		bl	HAL_Delay
 331              	.LVL13:
  94:Core/Src/main.c ****   {
 332              		.loc 1 94 9 discriminator 1 view .LVU84
 333 0038 E9E7     		b	.L14
 334              	.L17:
 335 003a 00BF     		.align	2
 336              	.L16:
 337 003c 000C0140 		.word	1073810432
 338              		.cfi_endproc
 339              	.LFE65:
 341              		.text
 342              	.Letext0:
 343              		.file 3 "c:\\dev\\gcc-arm-none-eabi-10-2020-q4-major\\arm-none-eabi\\include\\machine\\_default_ty
 344              		.file 4 "c:\\dev\\gcc-arm-none-eabi-10-2020-q4-major\\arm-none-eabi\\include\\sys\\_stdint.h"
 345              		.file 5 "Drivers/CMSIS/Device/ST/STM32F1xx/Include/stm32f103xb.h"
 346              		.file 6 "Drivers/STM32F1xx_HAL_Driver/Inc/stm32f1xx_hal_rcc.h"
 347              		.file 7 "Drivers/STM32F1xx_HAL_Driver/Inc/stm32f1xx_hal_rcc_ex.h"
 348              		.file 8 "Drivers/STM32F1xx_HAL_Driver/Inc/stm32f1xx_hal_gpio.h"
 349              		.file 9 "Drivers/STM32F1xx_HAL_Driver/Inc/stm32f1xx_hal_def.h"
 350              		.file 10 "Drivers/STM32F1xx_HAL_Driver/Inc/stm32f1xx_hal.h"
 351              		.file 11 "<built-in>"
ARM GAS  C:\Users\anaso\AppData\Local\Temp\ccm7X2Qg.s 			page 14


DEFINED SYMBOLS
                            *ABS*:00000000 main.c
C:\Users\anaso\AppData\Local\Temp\ccm7X2Qg.s:16     .text.MX_GPIO_Init:00000000 $t
C:\Users\anaso\AppData\Local\Temp\ccm7X2Qg.s:23     .text.MX_GPIO_Init:00000000 MX_GPIO_Init
C:\Users\anaso\AppData\Local\Temp\ccm7X2Qg.s:128    .text.MX_GPIO_Init:00000070 $d
C:\Users\anaso\AppData\Local\Temp\ccm7X2Qg.s:134    .text.Error_Handler:00000000 $t
C:\Users\anaso\AppData\Local\Temp\ccm7X2Qg.s:141    .text.Error_Handler:00000000 Error_Handler
C:\Users\anaso\AppData\Local\Temp\ccm7X2Qg.s:173    .text.SystemClock_Config:00000000 $t
C:\Users\anaso\AppData\Local\Temp\ccm7X2Qg.s:180    .text.SystemClock_Config:00000000 SystemClock_Config
C:\Users\anaso\AppData\Local\Temp\ccm7X2Qg.s:281    .text.main:00000000 $t
C:\Users\anaso\AppData\Local\Temp\ccm7X2Qg.s:288    .text.main:00000000 main
C:\Users\anaso\AppData\Local\Temp\ccm7X2Qg.s:337    .text.main:0000003c $d

UNDEFINED SYMBOLS
HAL_GPIO_WritePin
HAL_GPIO_Init
memset
HAL_RCC_OscConfig
HAL_RCC_ClockConfig
HAL_Init
HAL_Delay
